2019-05-04 00:58:21.810 INFO  com.alibaba.dubbo.common.logger.LoggerFactory Line:66  - using logger: com.alibaba.dubbo.common.logger.log4j.Log4jLoggerAdapter
2019-05-04 00:58:23.429 INFO  com.wangmeng.Application Line:48  - Starting Application on PC-201703251007 with PID 30688 (E:\code\SpringFramework.wangmeng.definition\SpringBootPayUnionWxAlipay\target\classes started by Administrator in E:\code\SpringFramework.wangmeng.definition)
2019-05-04 00:58:23.431 INFO  com.wangmeng.Application Line:597 - The following profiles are active: dev
2019-05-04 00:58:24.316 INFO  org.springframework.boot.context.embedded.AnnotationConfigEmbeddedWebApplicationContext Line:583 - Refreshing org.springframework.boot.context.embedded.AnnotationConfigEmbeddedWebApplicationContext@710b18a6: startup date [Sat May 04 00:58:24 CST 2019]; root of context hierarchy
2019-05-04 00:58:31.544 INFO  org.springframework.boot.context.embedded.tomcat.TomcatEmbeddedServletContainer Line:89  - Tomcat initialized with port(s): 8080 (http)
2019-05-04 00:58:31.606 INFO  org.apache.catalina.core.StandardService Line:179 - Starting service [Tomcat]
2019-05-04 00:58:31.625 INFO  org.apache.catalina.core.StandardEngine Line:179 - Starting Servlet Engine: Apache Tomcat/8.5.23
2019-05-04 00:58:32.142 INFO  org.apache.catalina.core.ContainerBase.[Tomcat].[localhost].[/springboot_pay] Line:179 - Initializing Spring embedded WebApplicationContext
2019-05-04 00:58:32.143 INFO  org.springframework.web.context.ContextLoader Line:276 - Root WebApplicationContext: initialization completed in 7828 ms
2019-05-04 00:58:32.609 INFO  org.springframework.boot.web.servlet.ServletRegistrationBean Line:190 - Mapping servlet: 'dispatcherServlet' to [/]
2019-05-04 00:58:32.634 INFO  org.springframework.boot.web.servlet.FilterRegistrationBean Line:258 - Mapping filter: 'metricsFilter' to: [/*]
2019-05-04 00:58:32.635 INFO  org.springframework.boot.web.servlet.FilterRegistrationBean Line:258 - Mapping filter: 'characterEncodingFilter' to: [/*]
2019-05-04 00:58:32.636 INFO  org.springframework.boot.web.servlet.FilterRegistrationBean Line:258 - Mapping filter: 'hiddenHttpMethodFilter' to: [/*]
2019-05-04 00:58:32.636 INFO  org.springframework.boot.web.servlet.FilterRegistrationBean Line:258 - Mapping filter: 'httpPutFormContentFilter' to: [/*]
2019-05-04 00:58:32.637 INFO  org.springframework.boot.web.servlet.FilterRegistrationBean Line:258 - Mapping filter: 'requestContextFilter' to: [/*]
2019-05-04 00:58:32.638 INFO  org.springframework.boot.web.servlet.FilterRegistrationBean Line:258 - Mapping filter: 'webRequestLoggingFilter' to: [/*]
2019-05-04 00:58:32.639 INFO  org.springframework.boot.web.servlet.FilterRegistrationBean Line:258 - Mapping filter: 'applicationContextIdFilter' to: [/*]
2019-05-04 00:58:33.888 INFO  org.springframework.web.servlet.mvc.method.annotation.RequestMappingHandlerMapping Line:543 - Mapped "{[/]}" onto public java.lang.String com.wangmeng.Application.greeting()
2019-05-04 00:58:33.893 INFO  org.springframework.web.servlet.mvc.method.annotation.RequestMappingHandlerMapping Line:543 - Mapped "{[/alipay/index],methods=[GET]}" onto public java.lang.String com.wangmeng.modules.alipay.controller.AliPayController.index()
2019-05-04 00:58:33.896 INFO  org.springframework.web.servlet.mvc.method.annotation.RequestMappingHandlerMapping Line:543 - Mapped "{[/alipay/pcPay],methods=[POST]}" onto public java.lang.String com.wangmeng.modules.alipay.controller.AliPayController.pcPay(com.wangmeng.common.model.Product,org.springframework.ui.ModelMap)
2019-05-04 00:58:33.897 INFO  org.springframework.web.servlet.mvc.method.annotation.RequestMappingHandlerMapping Line:543 - Mapped "{[/alipay/mobilePay],methods=[POST]}" onto public java.lang.String com.wangmeng.modules.alipay.controller.AliPayController.mobilePay(com.wangmeng.common.model.Product,org.springframework.ui.ModelMap)
2019-05-04 00:58:33.898 INFO  org.springframework.web.servlet.mvc.method.annotation.RequestMappingHandlerMapping Line:543 - Mapped "{[/alipay/qcPay],methods=[POST]}" onto public java.lang.String com.wangmeng.modules.alipay.controller.AliPayController.qcPay(com.wangmeng.common.model.Product,org.springframework.ui.ModelMap)
2019-05-04 00:58:33.899 INFO  org.springframework.web.servlet.mvc.method.annotation.RequestMappingHandlerMapping Line:543 - Mapped "{[/alipay/appPay],methods=[POST]}" onto public java.lang.String com.wangmeng.modules.alipay.controller.AliPayController.appPay(com.wangmeng.common.model.Product,org.springframework.ui.ModelMap)
2019-05-04 00:58:33.900 INFO  org.springframework.web.servlet.mvc.method.annotation.RequestMappingHandlerMapping Line:543 - Mapped "{[/alipay/pay],methods=[POST]}" onto public void com.wangmeng.modules.alipay.controller.AliPayController.alipay_notify(javax.servlet.http.HttpServletRequest,javax.servlet.http.HttpServletResponse) throws java.lang.Exception
2019-05-04 00:58:33.901 INFO  org.springframework.web.servlet.mvc.method.annotation.RequestMappingHandlerMapping Line:543 - Mapped "{[/alipay/frontRcvResponse]}" onto public java.lang.String com.wangmeng.modules.alipay.controller.AliPayController.frontRcvResponse(javax.servlet.http.HttpServletRequest)
2019-05-04 00:58:33.904 INFO  org.springframework.web.servlet.mvc.method.annotation.RequestMappingHandlerMapping Line:543 - Mapped "{[/unionpay/index],methods=[GET]}" onto public java.lang.String com.wangmeng.modules.unionpay.controller.UnionPayController.index()
2019-05-04 00:58:33.905 INFO  org.springframework.web.servlet.mvc.method.annotation.RequestMappingHandlerMapping Line:543 - Mapped "{[/unionpay/pcPay],methods=[POST]}" onto public java.lang.String com.wangmeng.modules.unionpay.controller.UnionPayController.pcPay(com.wangmeng.common.model.Product,org.springframework.ui.ModelMap)
2019-05-04 00:58:33.906 INFO  org.springframework.web.servlet.mvc.method.annotation.RequestMappingHandlerMapping Line:543 - Mapped "{[/unionpay/mobilePay],methods=[POST]}" onto public java.lang.String com.wangmeng.modules.unionpay.controller.UnionPayController.mobilePay(com.wangmeng.common.model.Product,org.springframework.ui.ModelMap)
2019-05-04 00:58:33.908 INFO  org.springframework.web.servlet.mvc.method.annotation.RequestMappingHandlerMapping Line:543 - Mapped "{[/unionpay/pay],methods=[POST]}" onto public void com.wangmeng.modules.unionpay.controller.UnionPayController.union_notify(javax.servlet.http.HttpServletRequest,javax.servlet.http.HttpServletResponse) throws java.lang.Exception
2019-05-04 00:58:33.910 INFO  org.springframework.web.servlet.mvc.method.annotation.RequestMappingHandlerMapping Line:543 - Mapped "{[/pay/index],methods=[GET]}" onto public java.lang.String com.wangmeng.modules.web.controller.PayController.index()
2019-05-04 00:58:33.911 INFO  org.springframework.web.servlet.mvc.method.annotation.RequestMappingHandlerMapping Line:543 - Mapped "{[/pay/main],methods=[GET]}" onto public java.lang.String com.wangmeng.modules.web.controller.PayController.main(javax.servlet.http.HttpServletRequest,javax.servlet.http.HttpServletResponse,org.springframework.ui.Model) throws java.lang.Exception
2019-05-04 00:58:33.913 INFO  org.springframework.web.servlet.mvc.method.annotation.RequestMappingHandlerMapping Line:543 - Mapped "{[/pay/login],methods=[POST]}" onto public java.lang.String com.wangmeng.modules.web.controller.PayController.login(javax.servlet.http.HttpServletRequest,javax.servlet.http.HttpServletResponse,java.lang.String,java.lang.String) throws java.lang.Exception
2019-05-04 00:58:33.920 INFO  org.springframework.web.servlet.mvc.method.annotation.RequestMappingHandlerMapping Line:543 - Mapped "{[/weixinMobile/pay],methods=[POST]}" onto public java.lang.String com.wangmeng.modules.weixinpay.controller.WeixinMobilePayController.pay(com.wangmeng.common.model.Product,org.springframework.ui.ModelMap)
2019-05-04 00:58:33.921 INFO  org.springframework.web.servlet.mvc.method.annotation.RequestMappingHandlerMapping Line:543 - Mapped "{[/weixinMobile/payPage],methods=[GET]}" onto public java.lang.String com.wangmeng.modules.weixinpay.controller.WeixinMobilePayController.pay(javax.servlet.http.HttpServletRequest,javax.servlet.http.HttpServletResponse) throws java.lang.Exception
2019-05-04 00:58:33.924 INFO  org.springframework.web.servlet.mvc.method.annotation.RequestMappingHandlerMapping Line:543 - Mapped "{[/weixinMobile/h5pay],methods=[POST]}" onto public java.lang.String com.wangmeng.modules.weixinpay.controller.WeixinMobilePayController.h5pay(com.wangmeng.common.model.Product,org.springframework.ui.ModelMap)
2019-05-04 00:58:33.925 INFO  org.springframework.web.servlet.mvc.method.annotation.RequestMappingHandlerMapping Line:543 - Mapped "{[/weixinMobile/smallRoutine],methods=[POST]}" onto public java.lang.String com.wangmeng.modules.weixinpay.controller.WeixinMobilePayController.smallRoutine(com.wangmeng.common.model.Product,org.springframework.ui.ModelMap)
2019-05-04 00:58:33.927 INFO  org.springframework.web.servlet.mvc.method.annotation.RequestMappingHandlerMapping Line:543 - Mapped "{[/weixinMobile/dopay],methods=[POST]}" onto public java.lang.String com.wangmeng.modules.weixinpay.controller.WeixinMobilePayController.dopay(javax.servlet.http.HttpServletRequest,javax.servlet.http.HttpServletResponse) throws java.lang.Exception
2019-05-04 00:58:33.928 INFO  org.springframework.web.servlet.mvc.method.annotation.RequestMappingHandlerMapping Line:543 - Mapped "{[/weixinMobile/WXPayBack],methods=[POST]}" onto public void com.wangmeng.modules.weixinpay.controller.WeixinMobilePayController.WXPayBack(javax.servlet.http.HttpServletRequest,javax.servlet.http.HttpServletResponse)
2019-05-04 00:58:33.931 INFO  org.springframework.web.servlet.mvc.method.annotation.RequestMappingHandlerMapping Line:543 - Mapped "{[/weixin/index],methods=[GET]}" onto public java.lang.String com.wangmeng.modules.weixinpay.controller.WeixinPayController.index()
2019-05-04 00:58:33.932 INFO  org.springframework.web.servlet.mvc.method.annotation.RequestMappingHandlerMapping Line:543 - Mapped "{[/weixin/pay],methods=[POST]}" onto public void com.wangmeng.modules.weixinpay.controller.WeixinPayController.weixin_notify(javax.servlet.http.HttpServletRequest,javax.servlet.http.HttpServletResponse) throws java.lang.Exception
2019-05-04 00:58:33.933 INFO  org.springframework.web.servlet.mvc.method.annotation.RequestMappingHandlerMapping Line:543 - Mapped "{[/weixin/qcPay1],methods=[POST]}" onto public java.lang.String com.wangmeng.modules.weixinpay.controller.WeixinPayController.qcPay1(com.wangmeng.common.model.Product,org.springframework.ui.ModelMap)
2019-05-04 00:58:33.934 INFO  org.springframework.web.servlet.mvc.method.annotation.RequestMappingHandlerMapping Line:543 - Mapped "{[/weixin/bizpayurl],methods=[POST]}" onto public void com.wangmeng.modules.weixinpay.controller.WeixinPayController.bizpayurl(javax.servlet.http.HttpServletRequest,javax.servlet.http.HttpServletResponse) throws java.lang.Exception
2019-05-04 00:58:33.934 INFO  org.springframework.web.servlet.mvc.method.annotation.RequestMappingHandlerMapping Line:543 - Mapped "{[/weixin/qcPay2],methods=[POST]}" onto public java.lang.String com.wangmeng.modules.weixinpay.controller.WeixinPayController.qcPay2(com.wangmeng.common.model.Product,org.springframework.ui.ModelMap)
2019-05-04 00:58:33.939 INFO  org.springframework.web.servlet.mvc.method.annotation.RequestMappingHandlerMapping Line:543 - Mapped "{[/swagger-resources/configuration/security]}" onto public org.springframework.http.ResponseEntity<springfox.documentation.swagger.web.SecurityConfiguration> springfox.documentation.swagger.web.ApiResourceController.securityConfiguration()
2019-05-04 00:58:33.941 INFO  org.springframework.web.servlet.mvc.method.annotation.RequestMappingHandlerMapping Line:543 - Mapped "{[/swagger-resources/configuration/ui]}" onto public org.springframework.http.ResponseEntity<springfox.documentation.swagger.web.UiConfiguration> springfox.documentation.swagger.web.ApiResourceController.uiConfiguration()
2019-05-04 00:58:33.943 INFO  org.springframework.web.servlet.mvc.method.annotation.RequestMappingHandlerMapping Line:543 - Mapped "{[/swagger-resources]}" onto public org.springframework.http.ResponseEntity<java.util.List<springfox.documentation.swagger.web.SwaggerResource>> springfox.documentation.swagger.web.ApiResourceController.swaggerResources()
2019-05-04 00:58:33.947 INFO  org.springframework.web.servlet.mvc.method.annotation.RequestMappingHandlerMapping Line:543 - Mapped "{[/error]}" onto public org.springframework.http.ResponseEntity<java.util.Map<java.lang.String, java.lang.Object>> org.springframework.boot.autoconfigure.web.BasicErrorController.error(javax.servlet.http.HttpServletRequest)
2019-05-04 00:58:33.949 INFO  org.springframework.web.servlet.mvc.method.annotation.RequestMappingHandlerMapping Line:543 - Mapped "{[/error],produces=[text/html]}" onto public org.springframework.web.servlet.ModelAndView org.springframework.boot.autoconfigure.web.BasicErrorController.errorHtml(javax.servlet.http.HttpServletRequest,javax.servlet.http.HttpServletResponse)
2019-05-04 00:58:34.326 INFO  org.springframework.boot.actuate.endpoint.mvc.EndpointHandlerMapping Line:543 - Mapped "{[/mappings || /mappings.json],methods=[GET],produces=[application/vnd.spring-boot.actuator.v1+json || application/json]}" onto public java.lang.Object org.springframework.boot.actuate.endpoint.mvc.EndpointMvcAdapter.invoke()
2019-05-04 00:58:34.327 INFO  org.springframework.boot.actuate.endpoint.mvc.EndpointHandlerMapping Line:543 - Mapped "{[/health || /health.json],methods=[GET],produces=[application/vnd.spring-boot.actuator.v1+json || application/json]}" onto public java.lang.Object org.springframework.boot.actuate.endpoint.mvc.HealthMvcEndpoint.invoke(javax.servlet.http.HttpServletRequest,java.security.Principal)
2019-05-04 00:58:34.328 INFO  org.springframework.boot.actuate.endpoint.mvc.EndpointHandlerMapping Line:543 - Mapped "{[/env/{name:.*}],methods=[GET],produces=[application/vnd.spring-boot.actuator.v1+json || application/json]}" onto public java.lang.Object org.springframework.boot.actuate.endpoint.mvc.EnvironmentMvcEndpoint.value(java.lang.String)
2019-05-04 00:58:34.329 INFO  org.springframework.boot.actuate.endpoint.mvc.EndpointHandlerMapping Line:543 - Mapped "{[/env || /env.json],methods=[GET],produces=[application/vnd.spring-boot.actuator.v1+json || application/json]}" onto public java.lang.Object org.springframework.boot.actuate.endpoint.mvc.EndpointMvcAdapter.invoke()
2019-05-04 00:58:34.331 INFO  org.springframework.boot.actuate.endpoint.mvc.EndpointHandlerMapping Line:543 - Mapped "{[/heapdump || /heapdump.json],methods=[GET],produces=[application/octet-stream]}" onto public void org.springframework.boot.actuate.endpoint.mvc.HeapdumpMvcEndpoint.invoke(boolean,javax.servlet.http.HttpServletRequest,javax.servlet.http.HttpServletResponse) throws java.io.IOException,javax.servlet.ServletException
2019-05-04 00:58:34.332 INFO  org.springframework.boot.actuate.endpoint.mvc.EndpointHandlerMapping Line:543 - Mapped "{[/configprops || /configprops.json],methods=[GET],produces=[application/vnd.spring-boot.actuator.v1+json || application/json]}" onto public java.lang.Object org.springframework.boot.actuate.endpoint.mvc.EndpointMvcAdapter.invoke()
2019-05-04 00:58:34.333 INFO  org.springframework.boot.actuate.endpoint.mvc.EndpointHandlerMapping Line:543 - Mapped "{[/beans || /beans.json],methods=[GET],produces=[application/vnd.spring-boot.actuator.v1+json || application/json]}" onto public java.lang.Object org.springframework.boot.actuate.endpoint.mvc.EndpointMvcAdapter.invoke()
2019-05-04 00:58:34.335 INFO  org.springframework.boot.actuate.endpoint.mvc.EndpointHandlerMapping Line:543 - Mapped "{[/info || /info.json],methods=[GET],produces=[application/vnd.spring-boot.actuator.v1+json || application/json]}" onto public java.lang.Object org.springframework.boot.actuate.endpoint.mvc.EndpointMvcAdapter.invoke()
2019-05-04 00:58:34.336 INFO  org.springframework.boot.actuate.endpoint.mvc.EndpointHandlerMapping Line:543 - Mapped "{[/dump || /dump.json],methods=[GET],produces=[application/vnd.spring-boot.actuator.v1+json || application/json]}" onto public java.lang.Object org.springframework.boot.actuate.endpoint.mvc.EndpointMvcAdapter.invoke()
2019-05-04 00:58:34.338 INFO  org.springframework.boot.actuate.endpoint.mvc.EndpointHandlerMapping Line:543 - Mapped "{[/auditevents || /auditevents.json],methods=[GET],produces=[application/vnd.spring-boot.actuator.v1+json || application/json]}" onto public org.springframework.http.ResponseEntity<?> org.springframework.boot.actuate.endpoint.mvc.AuditEventsMvcEndpoint.findByPrincipalAndAfterAndType(java.lang.String,java.util.Date,java.lang.String)
2019-05-04 00:58:34.340 INFO  org.springframework.boot.actuate.endpoint.mvc.EndpointHandlerMapping Line:543 - Mapped "{[/metrics/{name:.*}],methods=[GET],produces=[application/vnd.spring-boot.actuator.v1+json || application/json]}" onto public java.lang.Object org.springframework.boot.actuate.endpoint.mvc.MetricsMvcEndpoint.value(java.lang.String)
2019-05-04 00:58:34.341 INFO  org.springframework.boot.actuate.endpoint.mvc.EndpointHandlerMapping Line:543 - Mapped "{[/metrics || /metrics.json],methods=[GET],produces=[application/vnd.spring-boot.actuator.v1+json || application/json]}" onto public java.lang.Object org.springframework.boot.actuate.endpoint.mvc.EndpointMvcAdapter.invoke()
2019-05-04 00:58:34.342 INFO  org.springframework.boot.actuate.endpoint.mvc.EndpointHandlerMapping Line:543 - Mapped "{[/autoconfig || /autoconfig.json],methods=[GET],produces=[application/vnd.spring-boot.actuator.v1+json || application/json]}" onto public java.lang.Object org.springframework.boot.actuate.endpoint.mvc.EndpointMvcAdapter.invoke()
2019-05-04 00:58:34.343 INFO  org.springframework.boot.actuate.endpoint.mvc.EndpointHandlerMapping Line:543 - Mapped "{[/trace || /trace.json],methods=[GET],produces=[application/vnd.spring-boot.actuator.v1+json || application/json]}" onto public java.lang.Object org.springframework.boot.actuate.endpoint.mvc.EndpointMvcAdapter.invoke()
2019-05-04 00:58:34.346 INFO  org.springframework.boot.actuate.endpoint.mvc.EndpointHandlerMapping Line:543 - Mapped "{[/loggers/{name:.*}],methods=[GET],produces=[application/vnd.spring-boot.actuator.v1+json || application/json]}" onto public java.lang.Object org.springframework.boot.actuate.endpoint.mvc.LoggersMvcEndpoint.get(java.lang.String)
2019-05-04 00:58:34.347 INFO  org.springframework.boot.actuate.endpoint.mvc.EndpointHandlerMapping Line:543 - Mapped "{[/loggers/{name:.*}],methods=[POST],consumes=[application/vnd.spring-boot.actuator.v1+json || application/json],produces=[application/vnd.spring-boot.actuator.v1+json || application/json]}" onto public java.lang.Object org.springframework.boot.actuate.endpoint.mvc.LoggersMvcEndpoint.set(java.lang.String,java.util.Map<java.lang.String, java.lang.String>)
2019-05-04 00:58:34.348 INFO  org.springframework.boot.actuate.endpoint.mvc.EndpointHandlerMapping Line:543 - Mapped "{[/loggers || /loggers.json],methods=[GET],produces=[application/vnd.spring-boot.actuator.v1+json || application/json]}" onto public java.lang.Object org.springframework.boot.actuate.endpoint.mvc.EndpointMvcAdapter.invoke()
2019-05-04 00:58:34.622 INFO  springfox.documentation.spring.web.PropertySourcedRequestMappingHandlerMapping Line:69  - Mapped URL path [/v2/api-docs] onto method [public org.springframework.http.ResponseEntity<springfox.documentation.spring.web.json.Json> springfox.documentation.swagger2.web.Swagger2Controller.getDocumentation(java.lang.String,javax.servlet.http.HttpServletRequest)]
2019-05-04 00:58:35.066 INFO  org.springframework.web.servlet.mvc.method.annotation.RequestMappingHandlerAdapter Line:534 - Looking for @ControllerAdvice: org.springframework.boot.context.embedded.AnnotationConfigEmbeddedWebApplicationContext@710b18a6: startup date [Sat May 04 00:58:24 CST 2019]; root of context hierarchy
2019-05-04 00:58:35.229 INFO  com.wangmeng.Application Line:43  - 自定义静态资源目录,这只是个Demo,生产肯定不会暴露
2019-05-04 00:58:35.266 INFO  org.springframework.web.servlet.handler.SimpleUrlHandlerMapping Line:362 - Mapped URL path [/cert/**] onto handler of type [class org.springframework.web.servlet.resource.ResourceHttpRequestHandler]
2019-05-04 00:58:35.266 INFO  org.springframework.web.servlet.handler.SimpleUrlHandlerMapping Line:362 - Mapped URL path [/webjars/**] onto handler of type [class org.springframework.web.servlet.resource.ResourceHttpRequestHandler]
2019-05-04 00:58:35.266 INFO  org.springframework.web.servlet.handler.SimpleUrlHandlerMapping Line:362 - Mapped URL path [/**] onto handler of type [class org.springframework.web.servlet.resource.ResourceHttpRequestHandler]
2019-05-04 00:58:35.388 INFO  org.springframework.web.servlet.handler.SimpleUrlHandlerMapping Line:362 - Mapped URL path [/**/favicon.ico] onto handler of type [class org.springframework.web.servlet.resource.ResourceHttpRequestHandler]
2019-05-04 00:58:35.927 INFO  org.springframework.boot.autoconfigure.web.WebMvcAutoConfiguration$WelcomePageHandlerMapping Line:549 - Adding welcome page: class path resource [templates/index.html]
2019-05-04 00:58:37.151 INFO  org.springframework.jmx.export.annotation.AnnotationMBeanExporter Line:431 - Registering beans for JMX exposure on startup
2019-05-04 00:58:37.202 INFO  org.springframework.context.support.DefaultLifecycleProcessor Line:343 - Starting beans in phase 0
2019-05-04 00:58:37.276 INFO  org.springframework.context.support.DefaultLifecycleProcessor Line:343 - Starting beans in phase 2147483647
2019-05-04 00:58:37.277 INFO  springfox.documentation.spring.web.plugins.DocumentationPluginsBootstrapper Line:147 - Context refreshed
2019-05-04 00:58:37.324 INFO  springfox.documentation.spring.web.plugins.DocumentationPluginsBootstrapper Line:150 - Found 4 custom documentation plugin(s)
2019-05-04 00:58:37.424 INFO  springfox.documentation.spring.web.scanners.ApiListingReferenceScanner Line:41  - Scanning for api listing references
2019-05-04 00:58:37.949 INFO  springfox.documentation.spring.web.scanners.ApiListingReferenceScanner Line:41  - Scanning for api listing references
2019-05-04 00:58:37.955 INFO  springfox.documentation.spring.web.readers.operation.CachingOperationNameGenerator Line:40  - Generating unique operation named: indexUsingGET_1
2019-05-04 00:58:37.994 INFO  springfox.documentation.spring.web.scanners.ApiListingReferenceScanner Line:41  - Scanning for api listing references
2019-05-04 00:58:38.046 INFO  springfox.documentation.spring.web.readers.operation.CachingOperationNameGenerator Line:40  - Generating unique operation named: indexUsingGET_2
2019-05-04 00:58:38.089 INFO  springfox.documentation.spring.web.scanners.ApiListingReferenceScanner Line:41  - Scanning for api listing references
2019-05-04 00:58:38.094 INFO  springfox.documentation.spring.web.readers.operation.CachingOperationNameGenerator Line:40  - Generating unique operation named: indexUsingGET_3
2019-05-04 00:58:38.099 INFO  springfox.documentation.spring.web.readers.operation.CachingOperationNameGenerator Line:40  - Generating unique operation named: mobilePayUsingPOST_1
2019-05-04 00:58:38.104 INFO  springfox.documentation.spring.web.readers.operation.CachingOperationNameGenerator Line:40  - Generating unique operation named: pcPayUsingPOST_1
2019-05-04 00:58:38.392 INFO  org.springframework.boot.context.embedded.tomcat.TomcatEmbeddedServletContainer Line:201 - Tomcat started on port(s): 8080 (http)
2019-05-04 00:58:38.529 INFO  com.alipay.demo.trade.config.Configs Line:78  - 配置文件名: zfbinfo.properties
2019-05-04 00:58:38.530 INFO  com.alipay.demo.trade.config.Configs Line:79  - Configs{支付宝openapi网关: https://openapi.alipay.com/gateway.do
, 支付宝mcloudapi网关域名: http://mcloudmonitor.com/gateway.do
, pid: XXXXXXXXXXXXXXXX
, appid: XXXXXXXXXXXXXXXX
, 商户RSA私钥: XXXXXX******XXXXXX
, 商户RSA公钥: XXXXXX******XXXXXX
, 支付宝RSA公钥: XXXXXX******XXXXXX
, 签名类型: RSA2
, 查询重试次数: 5
, 查询间隔(毫秒): 5000
, 撤销尝试次数: 3
, 撤销重试间隔(毫秒): 2000
, 交易保障调度延迟(秒): 5
, 交易保障调度间隔(秒): 900
}
2019-05-04 00:58:38.550 INFO  com.wangmeng.modules.unionpay.util.SDKUtil Line:208 - 从classpath: /E:/code/SpringFramework.wangmeng.definition/SpringBootPayUnionWxAlipay/target/classes/ 获取属性文件acp_sdk.properties
2019-05-04 00:58:38.563 INFO  com.wangmeng.modules.unionpay.util.SDKUtil Line:244 - 开始从属性文件中加载配置项
2019-05-04 00:58:38.564 INFO  com.wangmeng.modules.unionpay.util.SDKUtil Line:249 - 单证书模式，使用配置文件配置的私钥签名证书，SingleCertMode:[true]
2019-05-04 00:58:38.564 INFO  com.wangmeng.modules.unionpay.util.SDKUtil Line:255 - 配置项：私钥签名证书路径==>acpsdk.signCert.path==>D:/assets/acp_test_sign.pfx 已加载
2019-05-04 00:58:38.565 INFO  com.wangmeng.modules.unionpay.util.SDKUtil Line:260 - 配置项：私钥签名证书密码==>acpsdk.signCert.pwd 已加载
2019-05-04 00:58:38.565 INFO  com.wangmeng.modules.unionpay.util.SDKUtil Line:265 - 配置项：私钥签名证书类型==>acpsdk.signCert.type==>PKCS12 已加载
2019-05-04 00:58:38.565 INFO  com.wangmeng.modules.unionpay.util.SDKUtil Line:275 - 配置项：敏感信息加密证书==>acpsdk.encryptCert.path==>D:/assets/acp_test_enc.cer 已加载
2019-05-04 00:58:38.565 INFO  com.wangmeng.modules.unionpay.util.SDKUtil Line:280 - 配置项：验证签名证书路径(这里配置的是目录，不要指定到公钥文件)==>acpsdk.validateCert.dir==>D:/assets/ 已加载
2019-05-04 00:58:38.567 INFO  com.wangmeng.Application Line:57  - Started Application in 18.206 seconds (JVM running for 22.514)
2019-05-04 00:58:38.567 INFO  com.wangmeng.Application Line:49  - 支付项目启动 
2019-05-04 00:59:59.714 INFO  org.springframework.boot.context.embedded.AnnotationConfigEmbeddedWebApplicationContext Line:984 - Closing org.springframework.boot.context.embedded.AnnotationConfigEmbeddedWebApplicationContext@710b18a6: startup date [Sat May 04 00:58:24 CST 2019]; root of context hierarchy
2019-05-04 00:59:59.718 INFO  org.springframework.context.support.DefaultLifecycleProcessor Line:358 - Stopping beans in phase 2147483647
2019-05-04 00:59:59.764 INFO  com.alibaba.dubbo.config.AbstractConfig Line:66  -  [DUBBO] Run shutdown hook now., dubbo version: 2.6.2, current host: 192.168.122.2
2019-05-04 00:59:59.774 INFO  org.springframework.context.support.DefaultLifecycleProcessor Line:358 - Stopping beans in phase 0
2019-05-04 00:59:59.776 INFO  org.springframework.jmx.export.annotation.AnnotationMBeanExporter Line:449 - Unregistering JMX-exposed beans on shutdown
2019-05-04 00:59:59.791 INFO  com.alibaba.dubbo.registry.support.AbstractRegistryFactory Line:66  -  [DUBBO] Close all registries [], dubbo version: 2.6.2, current host: 192.168.122.2
